[2025-12-29 11:01:35,026: INFO: main: Welcome to our custom log]
[2025-12-30 10:48:10,670: INFO: common: yaml file: config\config.yaml loaded successfully]
[2025-12-30 10:48:10,698: INFO: common: yaml file: params.yaml loaded successfully]
[2025-12-30 10:48:10,698: INFO: common: created directory at: artifacts]
[2025-12-30 10:48:10,703: INFO: common: created directory at: artifacts/data_ingestion]
[2025-12-30 10:48:10,703: INFO: 3281805289: Downloading data from https://drive.google.com/file/d/1vlhZ5c7abUKF8xXERIw6m9Te8fW7ohw3/view?usp=sharing into file artifacts/data_ingestion/data.zip]
[2025-12-30 10:50:19,427: INFO: 3281805289: Downloaded data from https://drive.google.com/file/d/1vlhZ5c7abUKF8xXERIw6m9Te8fW7ohw3/view?usp=sharing into file artifacts/data_ingestion/data.zip]
[2025-12-30 15:53:21,252: INFO: common: yaml file: config\config.yaml loaded successfully]
[2025-12-30 15:53:21,280: INFO: common: yaml file: params.yaml loaded successfully]
[2025-12-30 15:53:21,284: INFO: common: created directory at: artifacts]
[2025-12-30 15:53:21,287: INFO: common: created directory at: artifacts/prepare_base_model]
[2025-12-30 15:53:33,662: WARNING: saving_utils: Compiled the loaded model, but the compiled metrics have yet to be built. `model.compile_metrics` will be empty until you train or evaluate the model.]
[2025-12-30 15:55:15,120: INFO: common: yaml file: config\config.yaml loaded successfully]
[2025-12-30 15:55:15,124: INFO: common: yaml file: params.yaml loaded successfully]
[2025-12-30 15:55:15,126: INFO: common: created directory at: artifacts]
[2025-12-30 15:55:15,127: INFO: common: created directory at: artifacts/prepare_base_model]
[2025-12-30 15:55:15,652: WARNING: saving_utils: Compiled the loaded model, but the compiled metrics have yet to be built. `model.compile_metrics` will be empty until you train or evaluate the model.]
[2025-12-30 15:58:24,484: INFO: common: yaml file: config\config.yaml loaded successfully]
[2025-12-30 15:58:24,503: INFO: common: yaml file: params.yaml loaded successfully]
[2025-12-30 15:58:24,506: INFO: common: created directory at: artifacts]
[2025-12-30 15:58:24,508: INFO: common: created directory at: artifacts/prepare_base_model]
[2025-12-30 15:58:24,970: WARNING: saving_utils: Compiled the loaded model, but the compiled metrics have yet to be built. `model.compile_metrics` will be empty until you train or evaluate the model.]
[2025-12-30 21:03:55,466: INFO: common: yaml file: config\config.yaml loaded successfully]
[2025-12-30 21:03:55,474: INFO: common: yaml file: params.yaml loaded successfully]
[2025-12-30 21:03:55,477: INFO: common: created directory at: artifacts]
[2025-12-30 21:05:09,856: INFO: common: yaml file: config\config.yaml loaded successfully]
[2025-12-30 21:05:09,861: INFO: common: yaml file: params.yaml loaded successfully]
[2025-12-30 21:05:09,861: INFO: common: created directory at: artifacts]
[2025-12-30 21:05:09,869: INFO: common: created directory at: artifacts\training]
[2025-12-30 21:06:43,814: INFO: common: yaml file: config\config.yaml loaded successfully]
[2025-12-30 21:06:43,819: INFO: common: yaml file: params.yaml loaded successfully]
[2025-12-30 21:06:43,823: INFO: common: created directory at: artifacts]
[2025-12-30 21:06:43,823: INFO: common: created directory at: artifacts\training]
[2025-12-30 21:08:41,493: INFO: common: yaml file: config\config.yaml loaded successfully]
[2025-12-30 21:08:41,499: INFO: common: yaml file: params.yaml loaded successfully]
[2025-12-30 21:08:41,503: INFO: common: created directory at: artifacts]
[2025-12-30 21:08:41,503: INFO: common: created directory at: artifacts\training]
[2025-12-30 21:10:56,348: INFO: common: yaml file: config\config.yaml loaded successfully]
[2025-12-30 21:10:56,354: INFO: common: yaml file: params.yaml loaded successfully]
[2025-12-30 21:10:56,357: INFO: common: created directory at: artifacts]
[2025-12-30 21:10:56,360: INFO: common: created directory at: artifacts\training]
[2025-12-30 21:11:43,502: INFO: common: yaml file: config\config.yaml loaded successfully]
[2025-12-30 21:11:43,508: INFO: common: yaml file: params.yaml loaded successfully]
[2025-12-30 21:11:43,509: INFO: common: created directory at: artifacts]
[2025-12-30 21:11:43,515: INFO: common: created directory at: artifacts\training]
[2025-12-30 21:14:31,232: INFO: common: yaml file: config\config.yaml loaded successfully]
[2025-12-30 21:14:31,268: INFO: common: yaml file: params.yaml loaded successfully]
[2025-12-30 21:14:31,279: INFO: common: created directory at: artifacts]
[2025-12-30 21:14:31,284: INFO: common: created directory at: artifacts\training]
[2025-12-31 12:19:43,391: INFO: common: yaml file: config\config.yaml loaded successfully]
[2025-12-31 12:19:43,416: INFO: common: yaml file: params.yaml loaded successfully]
[2025-12-31 12:19:43,422: INFO: common: created directory at: artifacts]
[2025-12-31 12:19:59,578: INFO: common: json file saved at: scores.json]
[2025-12-31 12:22:58,471: INFO: common: yaml file: config\config.yaml loaded successfully]
[2025-12-31 12:22:58,479: INFO: common: yaml file: params.yaml loaded successfully]
[2025-12-31 12:22:58,481: INFO: common: created directory at: artifacts]
[2025-12-31 12:23:10,895: INFO: common: json file saved at: scores.json]
[2025-12-31 12:26:16,726: INFO: common: yaml file: config\config.yaml loaded successfully]
[2025-12-31 12:26:16,730: INFO: common: yaml file: params.yaml loaded successfully]
[2025-12-31 12:26:16,732: INFO: common: created directory at: artifacts]
[2025-12-31 12:26:28,847: INFO: common: json file saved at: scores.json]
[2025-12-31 12:47:49,632: INFO: common: yaml file: config\config.yaml loaded successfully]
[2025-12-31 12:47:49,643: INFO: common: yaml file: params.yaml loaded successfully]
[2025-12-31 12:47:49,653: INFO: common: created directory at: artifacts]
[2025-12-31 12:48:03,634: INFO: common: json file saved at: scores.json]
[2025-12-31 12:48:11,722: WARNING: save: Found untraced functions such as _jit_compiled_convolution_op, _jit_compiled_convolution_op, _jit_compiled_convolution_op, _jit_compiled_convolution_op, _jit_compiled_convolution_op while saving (showing 5 of 14). These functions will not be directly callable after loading.]
[2025-12-31 12:48:12,423: INFO: builder_impl: Assets written to: C:\Users\Shyam\AppData\Local\Temp\tmpdgtsypp6\model\data\model\assets]
